CRITICAL - 2024-07-21 17:22:08 --> ErrorException: Undefined variable $usuario
[Method: GET, Route: usuarios]
in APPPATH\Views\back\usuarios\editar_usuario.php on line 6.
 1 APPPATH\Views\back\usuarios\editar_usuario.php(6): CodeIgniter\Debug\Exceptions->errorHandler(2, 'Undefined variable $usuario', 'C:\\xampp\\htdocs\\ProT3_39864458\\app\\Views\\back\\usuarios\\editar_usuario.php', 6)
 2 SYSTEMPATH\View\View.php(234): include('C:\\xampp\\htdocs\\ProT3_39864458\\app\\Views\\back\\usuarios\\editar_usuario.php')
 3 SYSTEMPATH\View\View.php(237): CodeIgniter\View\View->CodeIgniter\View\{closure}()
 4 SYSTEMPATH\Common.php(1171): CodeIgniter\View\View->render('back/usuarios/editar_usuario', [], true)
 5 APPPATH\Controllers\UsuarioController.php(63): view('back/usuarios/editar_usuario', [...])
 6 SYSTEMPATH\CodeIgniter.php(933): App\Controllers\UsuarioController->listar()
 7 SYSTEMPATH\CodeIgniter.php(509): CodeIgniter\CodeIgniter->runController(Object(App\Controllers\UsuarioController))
 8 SYSTEMPATH\CodeIgniter.php(355): CodeIgniter\CodeIgniter->handleRequest(null, Object(Config\Cache), false)
 9 SYSTEMPATH\Boot.php(325): CodeIgniter\CodeIgniter->run()
10 SYSTEMPATH\Boot.php(67): CodeIgniter\Boot::runCodeIgniter(Object(CodeIgniter\CodeIgniter))
11 FCPATH\index.php(56): CodeIgniter\Boot::bootWeb(Object(Config\Paths))
CRITICAL - 2024-07-21 17:23:49 --> ErrorException: Undefined array key "id_usuario"
[Method: GET, Route: usuarios]
in APPPATH\Views\back\usuarios\editar_usuario.php on line 6.
 1 APPPATH\Views\back\usuarios\editar_usuario.php(6): CodeIgniter\Debug\Exceptions->errorHandler(2, 'Undefined array key "id_usuario"', 'C:\\xampp\\htdocs\\ProT3_39864458\\app\\Views\\back\\usuarios\\editar_usuario.php', 6)
 2 SYSTEMPATH\View\View.php(234): include('C:\\xampp\\htdocs\\ProT3_39864458\\app\\Views\\back\\usuarios\\editar_usuario.php')
 3 SYSTEMPATH\View\View.php(237): CodeIgniter\View\View->CodeIgniter\View\{closure}()
 4 SYSTEMPATH\Common.php(1171): CodeIgniter\View\View->render('back/usuarios/editar_usuario', [], true)
 5 APPPATH\Controllers\UsuarioController.php(63): view('back/usuarios/editar_usuario', [...])
 6 SYSTEMPATH\CodeIgniter.php(933): App\Controllers\UsuarioController->listar()
 7 SYSTEMPATH\CodeIgniter.php(509): CodeIgniter\CodeIgniter->runController(Object(App\Controllers\UsuarioController))
 8 SYSTEMPATH\CodeIgniter.php(355): CodeIgniter\CodeIgniter->handleRequest(null, Object(Config\Cache), false)
 9 SYSTEMPATH\Boot.php(325): CodeIgniter\CodeIgniter->run()
10 SYSTEMPATH\Boot.php(67): CodeIgniter\Boot::runCodeIgniter(Object(CodeIgniter\CodeIgniter))
11 FCPATH\index.php(56): CodeIgniter\Boot::bootWeb(Object(Config\Paths))
CRITICAL - 2024-07-21 17:23:50 --> ErrorException: Undefined array key "id_usuario"
[Method: GET, Route: usuarios]
in APPPATH\Views\back\usuarios\editar_usuario.php on line 6.
 1 APPPATH\Views\back\usuarios\editar_usuario.php(6): CodeIgniter\Debug\Exceptions->errorHandler(2, 'Undefined array key "id_usuario"', 'C:\\xampp\\htdocs\\ProT3_39864458\\app\\Views\\back\\usuarios\\editar_usuario.php', 6)
 2 SYSTEMPATH\View\View.php(234): include('C:\\xampp\\htdocs\\ProT3_39864458\\app\\Views\\back\\usuarios\\editar_usuario.php')
 3 SYSTEMPATH\View\View.php(237): CodeIgniter\View\View->CodeIgniter\View\{closure}()
 4 SYSTEMPATH\Common.php(1171): CodeIgniter\View\View->render('back/usuarios/editar_usuario', [], true)
 5 APPPATH\Controllers\UsuarioController.php(63): view('back/usuarios/editar_usuario', [...])
 6 SYSTEMPATH\CodeIgniter.php(933): App\Controllers\UsuarioController->listar()
 7 SYSTEMPATH\CodeIgniter.php(509): CodeIgniter\CodeIgniter->runController(Object(App\Controllers\UsuarioController))
 8 SYSTEMPATH\CodeIgniter.php(355): CodeIgniter\CodeIgniter->handleRequest(null, Object(Config\Cache), false)
 9 SYSTEMPATH\Boot.php(325): CodeIgniter\CodeIgniter->run()
10 SYSTEMPATH\Boot.php(67): CodeIgniter\Boot::runCodeIgniter(Object(CodeIgniter\CodeIgniter))
11 FCPATH\index.php(56): CodeIgniter\Boot::bootWeb(Object(Config\Paths))
CRITICAL - 2024-07-21 17:24:30 --> ErrorException: Undefined variable $usuarios
[Method: GET, Route: usuarios]
in APPPATH\Views\back\usuarios\editar_usuario.php on line 6.
 1 APPPATH\Views\back\usuarios\editar_usuario.php(6): CodeIgniter\Debug\Exceptions->errorHandler(2, 'Undefined variable $usuarios', 'C:\\xampp\\htdocs\\ProT3_39864458\\app\\Views\\back\\usuarios\\editar_usuario.php', 6)
 2 SYSTEMPATH\View\View.php(234): include('C:\\xampp\\htdocs\\ProT3_39864458\\app\\Views\\back\\usuarios\\editar_usuario.php')
 3 SYSTEMPATH\View\View.php(237): CodeIgniter\View\View->CodeIgniter\View\{closure}()
 4 SYSTEMPATH\Common.php(1171): CodeIgniter\View\View->render('back/usuarios/editar_usuario', [], true)
 5 APPPATH\Controllers\UsuarioController.php(63): view('back/usuarios/editar_usuario', [...])
 6 SYSTEMPATH\CodeIgniter.php(933): App\Controllers\UsuarioController->listar()
 7 SYSTEMPATH\CodeIgniter.php(509): CodeIgniter\CodeIgniter->runController(Object(App\Controllers\UsuarioController))
 8 SYSTEMPATH\CodeIgniter.php(355): CodeIgniter\CodeIgniter->handleRequest(null, Object(Config\Cache), false)
 9 SYSTEMPATH\Boot.php(325): CodeIgniter\CodeIgniter->run()
10 SYSTEMPATH\Boot.php(67): CodeIgniter\Boot::runCodeIgniter(Object(CodeIgniter\CodeIgniter))
11 FCPATH\index.php(56): CodeIgniter\Boot::bootWeb(Object(Config\Paths))
CRITICAL - 2024-07-21 17:26:33 --> ErrorException: Undefined variable $usuario
[Method: GET, Route: usuarios]
in APPPATH\Views\back\usuarios\editar_usuario.php on line 6.
 1 APPPATH\Views\back\usuarios\editar_usuario.php(6): CodeIgniter\Debug\Exceptions->errorHandler(2, 'Undefined variable $usuario', 'C:\\xampp\\htdocs\\ProT3_39864458\\app\\Views\\back\\usuarios\\editar_usuario.php', 6)
 2 SYSTEMPATH\View\View.php(234): include('C:\\xampp\\htdocs\\ProT3_39864458\\app\\Views\\back\\usuarios\\editar_usuario.php')
 3 SYSTEMPATH\View\View.php(237): CodeIgniter\View\View->CodeIgniter\View\{closure}()
 4 SYSTEMPATH\Common.php(1171): CodeIgniter\View\View->render('back/usuarios/editar_usuario', [], true)
 5 APPPATH\Controllers\UsuarioController.php(63): view('back/usuarios/editar_usuario', [...])
 6 SYSTEMPATH\CodeIgniter.php(933): App\Controllers\UsuarioController->listar()
 7 SYSTEMPATH\CodeIgniter.php(509): CodeIgniter\CodeIgniter->runController(Object(App\Controllers\UsuarioController))
 8 SYSTEMPATH\CodeIgniter.php(355): CodeIgniter\CodeIgniter->handleRequest(null, Object(Config\Cache), false)
 9 SYSTEMPATH\Boot.php(325): CodeIgniter\CodeIgniter->run()
10 SYSTEMPATH\Boot.php(67): CodeIgniter\Boot::runCodeIgniter(Object(CodeIgniter\CodeIgniter))
11 FCPATH\index.php(56): CodeIgniter\Boot::bootWeb(Object(Config\Paths))
CRITICAL - 2024-07-21 17:26:34 --> ErrorException: Undefined variable $usuario
[Method: GET, Route: usuarios]
in APPPATH\Views\back\usuarios\editar_usuario.php on line 6.
 1 APPPATH\Views\back\usuarios\editar_usuario.php(6): CodeIgniter\Debug\Exceptions->errorHandler(2, 'Undefined variable $usuario', 'C:\\xampp\\htdocs\\ProT3_39864458\\app\\Views\\back\\usuarios\\editar_usuario.php', 6)
 2 SYSTEMPATH\View\View.php(234): include('C:\\xampp\\htdocs\\ProT3_39864458\\app\\Views\\back\\usuarios\\editar_usuario.php')
 3 SYSTEMPATH\View\View.php(237): CodeIgniter\View\View->CodeIgniter\View\{closure}()
 4 SYSTEMPATH\Common.php(1171): CodeIgniter\View\View->render('back/usuarios/editar_usuario', [], true)
 5 APPPATH\Controllers\UsuarioController.php(63): view('back/usuarios/editar_usuario', [...])
 6 SYSTEMPATH\CodeIgniter.php(933): App\Controllers\UsuarioController->listar()
 7 SYSTEMPATH\CodeIgniter.php(509): CodeIgniter\CodeIgniter->runController(Object(App\Controllers\UsuarioController))
 8 SYSTEMPATH\CodeIgniter.php(355): CodeIgniter\CodeIgniter->handleRequest(null, Object(Config\Cache), false)
 9 SYSTEMPATH\Boot.php(325): CodeIgniter\CodeIgniter->run()
10 SYSTEMPATH\Boot.php(67): CodeIgniter\Boot::runCodeIgniter(Object(CodeIgniter\CodeIgniter))
11 FCPATH\index.php(56): CodeIgniter\Boot::bootWeb(Object(Config\Paths))
CRITICAL - 2024-07-21 17:26:34 --> ErrorException: Undefined variable $usuario
[Method: GET, Route: usuarios]
in APPPATH\Views\back\usuarios\editar_usuario.php on line 6.
 1 APPPATH\Views\back\usuarios\editar_usuario.php(6): CodeIgniter\Debug\Exceptions->errorHandler(2, 'Undefined variable $usuario', 'C:\\xampp\\htdocs\\ProT3_39864458\\app\\Views\\back\\usuarios\\editar_usuario.php', 6)
 2 SYSTEMPATH\View\View.php(234): include('C:\\xampp\\htdocs\\ProT3_39864458\\app\\Views\\back\\usuarios\\editar_usuario.php')
 3 SYSTEMPATH\View\View.php(237): CodeIgniter\View\View->CodeIgniter\View\{closure}()
 4 SYSTEMPATH\Common.php(1171): CodeIgniter\View\View->render('back/usuarios/editar_usuario', [], true)
 5 APPPATH\Controllers\UsuarioController.php(63): view('back/usuarios/editar_usuario', [...])
 6 SYSTEMPATH\CodeIgniter.php(933): App\Controllers\UsuarioController->listar()
 7 SYSTEMPATH\CodeIgniter.php(509): CodeIgniter\CodeIgniter->runController(Object(App\Controllers\UsuarioController))
 8 SYSTEMPATH\CodeIgniter.php(355): CodeIgniter\CodeIgniter->handleRequest(null, Object(Config\Cache), false)
 9 SYSTEMPATH\Boot.php(325): CodeIgniter\CodeIgniter->run()
10 SYSTEMPATH\Boot.php(67): CodeIgniter\Boot::runCodeIgniter(Object(CodeIgniter\CodeIgniter))
11 FCPATH\index.php(56): CodeIgniter\Boot::bootWeb(Object(Config\Paths))
CRITICAL - 2024-07-21 17:26:34 --> ErrorException: Undefined variable $usuario
[Method: GET, Route: usuarios]
in APPPATH\Views\back\usuarios\editar_usuario.php on line 6.
 1 APPPATH\Views\back\usuarios\editar_usuario.php(6): CodeIgniter\Debug\Exceptions->errorHandler(2, 'Undefined variable $usuario', 'C:\\xampp\\htdocs\\ProT3_39864458\\app\\Views\\back\\usuarios\\editar_usuario.php', 6)
 2 SYSTEMPATH\View\View.php(234): include('C:\\xampp\\htdocs\\ProT3_39864458\\app\\Views\\back\\usuarios\\editar_usuario.php')
 3 SYSTEMPATH\View\View.php(237): CodeIgniter\View\View->CodeIgniter\View\{closure}()
 4 SYSTEMPATH\Common.php(1171): CodeIgniter\View\View->render('back/usuarios/editar_usuario', [], true)
 5 APPPATH\Controllers\UsuarioController.php(63): view('back/usuarios/editar_usuario', [...])
 6 SYSTEMPATH\CodeIgniter.php(933): App\Controllers\UsuarioController->listar()
 7 SYSTEMPATH\CodeIgniter.php(509): CodeIgniter\CodeIgniter->runController(Object(App\Controllers\UsuarioController))
 8 SYSTEMPATH\CodeIgniter.php(355): CodeIgniter\CodeIgniter->handleRequest(null, Object(Config\Cache), false)
 9 SYSTEMPATH\Boot.php(325): CodeIgniter\CodeIgniter->run()
10 SYSTEMPATH\Boot.php(67): CodeIgniter\Boot::runCodeIgniter(Object(CodeIgniter\CodeIgniter))
11 FCPATH\index.php(56): CodeIgniter\Boot::bootWeb(Object(Config\Paths))
CRITICAL - 2024-07-21 17:26:35 --> ErrorException: Undefined variable $usuario
[Method: GET, Route: usuarios]
in APPPATH\Views\back\usuarios\editar_usuario.php on line 6.
 1 APPPATH\Views\back\usuarios\editar_usuario.php(6): CodeIgniter\Debug\Exceptions->errorHandler(2, 'Undefined variable $usuario', 'C:\\xampp\\htdocs\\ProT3_39864458\\app\\Views\\back\\usuarios\\editar_usuario.php', 6)
 2 SYSTEMPATH\View\View.php(234): include('C:\\xampp\\htdocs\\ProT3_39864458\\app\\Views\\back\\usuarios\\editar_usuario.php')
 3 SYSTEMPATH\View\View.php(237): CodeIgniter\View\View->CodeIgniter\View\{closure}()
 4 SYSTEMPATH\Common.php(1171): CodeIgniter\View\View->render('back/usuarios/editar_usuario', [], true)
 5 APPPATH\Controllers\UsuarioController.php(63): view('back/usuarios/editar_usuario', [...])
 6 SYSTEMPATH\CodeIgniter.php(933): App\Controllers\UsuarioController->listar()
 7 SYSTEMPATH\CodeIgniter.php(509): CodeIgniter\CodeIgniter->runController(Object(App\Controllers\UsuarioController))
 8 SYSTEMPATH\CodeIgniter.php(355): CodeIgniter\CodeIgniter->handleRequest(null, Object(Config\Cache), false)
 9 SYSTEMPATH\Boot.php(325): CodeIgniter\CodeIgniter->run()
10 SYSTEMPATH\Boot.php(67): CodeIgniter\Boot::runCodeIgniter(Object(CodeIgniter\CodeIgniter))
11 FCPATH\index.php(56): CodeIgniter\Boot::bootWeb(Object(Config\Paths))
CRITICAL - 2024-07-21 17:26:35 --> ErrorException: Undefined variable $usuario
[Method: GET, Route: usuarios]
in APPPATH\Views\back\usuarios\editar_usuario.php on line 6.
 1 APPPATH\Views\back\usuarios\editar_usuario.php(6): CodeIgniter\Debug\Exceptions->errorHandler(2, 'Undefined variable $usuario', 'C:\\xampp\\htdocs\\ProT3_39864458\\app\\Views\\back\\usuarios\\editar_usuario.php', 6)
 2 SYSTEMPATH\View\View.php(234): include('C:\\xampp\\htdocs\\ProT3_39864458\\app\\Views\\back\\usuarios\\editar_usuario.php')
 3 SYSTEMPATH\View\View.php(237): CodeIgniter\View\View->CodeIgniter\View\{closure}()
 4 SYSTEMPATH\Common.php(1171): CodeIgniter\View\View->render('back/usuarios/editar_usuario', [], true)
 5 APPPATH\Controllers\UsuarioController.php(63): view('back/usuarios/editar_usuario', [...])
 6 SYSTEMPATH\CodeIgniter.php(933): App\Controllers\UsuarioController->listar()
 7 SYSTEMPATH\CodeIgniter.php(509): CodeIgniter\CodeIgniter->runController(Object(App\Controllers\UsuarioController))
 8 SYSTEMPATH\CodeIgniter.php(355): CodeIgniter\CodeIgniter->handleRequest(null, Object(Config\Cache), false)
 9 SYSTEMPATH\Boot.php(325): CodeIgniter\CodeIgniter->run()
10 SYSTEMPATH\Boot.php(67): CodeIgniter\Boot::runCodeIgniter(Object(CodeIgniter\CodeIgniter))
11 FCPATH\index.php(56): CodeIgniter\Boot::bootWeb(Object(Config\Paths))
CRITICAL - 2024-07-21 17:26:35 --> ErrorException: Undefined variable $usuario
[Method: GET, Route: usuarios]
in APPPATH\Views\back\usuarios\editar_usuario.php on line 6.
 1 APPPATH\Views\back\usuarios\editar_usuario.php(6): CodeIgniter\Debug\Exceptions->errorHandler(2, 'Undefined variable $usuario', 'C:\\xampp\\htdocs\\ProT3_39864458\\app\\Views\\back\\usuarios\\editar_usuario.php', 6)
 2 SYSTEMPATH\View\View.php(234): include('C:\\xampp\\htdocs\\ProT3_39864458\\app\\Views\\back\\usuarios\\editar_usuario.php')
 3 SYSTEMPATH\View\View.php(237): CodeIgniter\View\View->CodeIgniter\View\{closure}()
 4 SYSTEMPATH\Common.php(1171): CodeIgniter\View\View->render('back/usuarios/editar_usuario', [], true)
 5 APPPATH\Controllers\UsuarioController.php(63): view('back/usuarios/editar_usuario', [...])
 6 SYSTEMPATH\CodeIgniter.php(933): App\Controllers\UsuarioController->listar()
 7 SYSTEMPATH\CodeIgniter.php(509): CodeIgniter\CodeIgniter->runController(Object(App\Controllers\UsuarioController))
 8 SYSTEMPATH\CodeIgniter.php(355): CodeIgniter\CodeIgniter->handleRequest(null, Object(Config\Cache), false)
 9 SYSTEMPATH\Boot.php(325): CodeIgniter\CodeIgniter->run()
10 SYSTEMPATH\Boot.php(67): CodeIgniter\Boot::runCodeIgniter(Object(CodeIgniter\CodeIgniter))
11 FCPATH\index.php(56): CodeIgniter\Boot::bootWeb(Object(Config\Paths))
CRITICAL - 2024-07-21 17:27:33 --> ErrorException: Undefined variable $usuario
[Method: GET, Route: usuarios]
in APPPATH\Views\back\usuarios\editar_usuario.php on line 6.
 1 APPPATH\Views\back\usuarios\editar_usuario.php(6): CodeIgniter\Debug\Exceptions->errorHandler(2, 'Undefined variable $usuario', 'C:\\xampp\\htdocs\\ProT3_39864458\\app\\Views\\back\\usuarios\\editar_usuario.php', 6)
 2 SYSTEMPATH\View\View.php(234): include('C:\\xampp\\htdocs\\ProT3_39864458\\app\\Views\\back\\usuarios\\editar_usuario.php')
 3 SYSTEMPATH\View\View.php(237): CodeIgniter\View\View->CodeIgniter\View\{closure}()
 4 SYSTEMPATH\Common.php(1171): CodeIgniter\View\View->render('back/usuarios/editar_usuario', [], true)
 5 APPPATH\Controllers\UsuarioController.php(64): view('back/usuarios/editar_usuario', [...])
 6 SYSTEMPATH\CodeIgniter.php(933): App\Controllers\UsuarioController->listar()
 7 SYSTEMPATH\CodeIgniter.php(509): CodeIgniter\CodeIgniter->runController(Object(App\Controllers\UsuarioController))
 8 SYSTEMPATH\CodeIgniter.php(355): CodeIgniter\CodeIgniter->handleRequest(null, Object(Config\Cache), false)
 9 SYSTEMPATH\Boot.php(325): CodeIgniter\CodeIgniter->run()
10 SYSTEMPATH\Boot.php(67): CodeIgniter\Boot::runCodeIgniter(Object(CodeIgniter\CodeIgniter))
11 FCPATH\index.php(56): CodeIgniter\Boot::bootWeb(Object(Config\Paths))
CRITICAL - 2024-07-21 17:27:34 --> ErrorException: Undefined variable $usuario
[Method: GET, Route: usuarios]
in APPPATH\Views\back\usuarios\editar_usuario.php on line 6.
 1 APPPATH\Views\back\usuarios\editar_usuario.php(6): CodeIgniter\Debug\Exceptions->errorHandler(2, 'Undefined variable $usuario', 'C:\\xampp\\htdocs\\ProT3_39864458\\app\\Views\\back\\usuarios\\editar_usuario.php', 6)
 2 SYSTEMPATH\View\View.php(234): include('C:\\xampp\\htdocs\\ProT3_39864458\\app\\Views\\back\\usuarios\\editar_usuario.php')
 3 SYSTEMPATH\View\View.php(237): CodeIgniter\View\View->CodeIgniter\View\{closure}()
 4 SYSTEMPATH\Common.php(1171): CodeIgniter\View\View->render('back/usuarios/editar_usuario', [], true)
 5 APPPATH\Controllers\UsuarioController.php(64): view('back/usuarios/editar_usuario', [...])
 6 SYSTEMPATH\CodeIgniter.php(933): App\Controllers\UsuarioController->listar()
 7 SYSTEMPATH\CodeIgniter.php(509): CodeIgniter\CodeIgniter->runController(Object(App\Controllers\UsuarioController))
 8 SYSTEMPATH\CodeIgniter.php(355): CodeIgniter\CodeIgniter->handleRequest(null, Object(Config\Cache), false)
 9 SYSTEMPATH\Boot.php(325): CodeIgniter\CodeIgniter->run()
10 SYSTEMPATH\Boot.php(67): CodeIgniter\Boot::runCodeIgniter(Object(CodeIgniter\CodeIgniter))
11 FCPATH\index.php(56): CodeIgniter\Boot::bootWeb(Object(Config\Paths))
CRITICAL - 2024-07-21 17:28:16 --> ErrorException: Undefined variable $usuario
[Method: GET, Route: usuarios]
in APPPATH\Views\back\usuarios\editar_usuario.php on line 6.
 1 APPPATH\Views\back\usuarios\editar_usuario.php(6): CodeIgniter\Debug\Exceptions->errorHandler(2, 'Undefined variable $usuario', 'C:\\xampp\\htdocs\\ProT3_39864458\\app\\Views\\back\\usuarios\\editar_usuario.php', 6)
 2 SYSTEMPATH\View\View.php(234): include('C:\\xampp\\htdocs\\ProT3_39864458\\app\\Views\\back\\usuarios\\editar_usuario.php')
 3 SYSTEMPATH\View\View.php(237): CodeIgniter\View\View->CodeIgniter\View\{closure}()
 4 SYSTEMPATH\Common.php(1171): CodeIgniter\View\View->render('back/usuarios/editar_usuario', [], true)
 5 APPPATH\Controllers\UsuarioController.php(64): view('back/usuarios/editar_usuario', [...])
 6 SYSTEMPATH\CodeIgniter.php(933): App\Controllers\UsuarioController->listar()
 7 SYSTEMPATH\CodeIgniter.php(509): CodeIgniter\CodeIgniter->runController(Object(App\Controllers\UsuarioController))
 8 SYSTEMPATH\CodeIgniter.php(355): CodeIgniter\CodeIgniter->handleRequest(null, Object(Config\Cache), false)
 9 SYSTEMPATH\Boot.php(325): CodeIgniter\CodeIgniter->run()
10 SYSTEMPATH\Boot.php(67): CodeIgniter\Boot::runCodeIgniter(Object(CodeIgniter\CodeIgniter))
11 FCPATH\index.php(56): CodeIgniter\Boot::bootWeb(Object(Config\Paths))
CRITICAL - 2024-07-21 17:35:00 --> ErrorException: compact(): Undefined variable $datos
[Method: GET, Route: usuarios]
in APPPATH\Controllers\UsuarioController.php on line 68.
 1 [internal function]: CodeIgniter\Debug\Exceptions->errorHandler(2, 'compact(): Undefined variable $datos', 'C:\\xampp\\htdocs\\ProT3_39864458\\app\\Controllers\\UsuarioController.php', 68)
 2 APPPATH\Controllers\UsuarioController.php(68): compact('datos')
 3 SYSTEMPATH\CodeIgniter.php(933): App\Controllers\UsuarioController->listar()
 4 SYSTEMPATH\CodeIgniter.php(509): CodeIgniter\CodeIgniter->runController(Object(App\Controllers\UsuarioController))
 5 SYSTEMPATH\CodeIgniter.php(355): CodeIgniter\CodeIgniter->handleRequest(null, Object(Config\Cache), false)
 6 SYSTEMPATH\Boot.php(325): CodeIgniter\CodeIgniter->run()
 7 SYSTEMPATH\Boot.php(67): CodeIgniter\Boot::runCodeIgniter(Object(CodeIgniter\CodeIgniter))
 8 FCPATH\index.php(56): CodeIgniter\Boot::bootWeb(Object(Config\Paths))
CRITICAL - 2024-07-21 17:35:20 --> ErrorException: Undefined array key "id_usuario"
[Method: GET, Route: usuarios]
in APPPATH\Views\back\usuarios\editar_usuario.php on line 6.
 1 APPPATH\Views\back\usuarios\editar_usuario.php(6): CodeIgniter\Debug\Exceptions->errorHandler(2, 'Undefined array key "id_usuario"', 'C:\\xampp\\htdocs\\ProT3_39864458\\app\\Views\\back\\usuarios\\editar_usuario.php', 6)
 2 SYSTEMPATH\View\View.php(234): include('C:\\xampp\\htdocs\\ProT3_39864458\\app\\Views\\back\\usuarios\\editar_usuario.php')
 3 SYSTEMPATH\View\View.php(237): CodeIgniter\View\View->CodeIgniter\View\{closure}()
 4 SYSTEMPATH\Common.php(1171): CodeIgniter\View\View->render('back/usuarios/editar_usuario', [], true)
 5 APPPATH\Controllers\UsuarioController.php(68): view('back/usuarios/editar_usuario', [...])
 6 SYSTEMPATH\CodeIgniter.php(933): App\Controllers\UsuarioController->listar()
 7 SYSTEMPATH\CodeIgniter.php(509): CodeIgniter\CodeIgniter->runController(Object(App\Controllers\UsuarioController))
 8 SYSTEMPATH\CodeIgniter.php(355): CodeIgniter\CodeIgniter->handleRequest(null, Object(Config\Cache), false)
 9 SYSTEMPATH\Boot.php(325): CodeIgniter\CodeIgniter->run()
10 SYSTEMPATH\Boot.php(67): CodeIgniter\Boot::runCodeIgniter(Object(CodeIgniter\CodeIgniter))
11 FCPATH\index.php(56): CodeIgniter\Boot::bootWeb(Object(Config\Paths))
CRITICAL - 2024-07-21 17:36:25 --> ErrorException: compact(): Undefined variable $usuarios
[Method: GET, Route: usuarios]
in APPPATH\Controllers\UsuarioController.php on line 68.
 1 [internal function]: CodeIgniter\Debug\Exceptions->errorHandler(2, 'compact(): Undefined variable $usuarios', 'C:\\xampp\\htdocs\\ProT3_39864458\\app\\Controllers\\UsuarioController.php', 68)
 2 APPPATH\Controllers\UsuarioController.php(68): compact('usuarios')
 3 SYSTEMPATH\CodeIgniter.php(933): App\Controllers\UsuarioController->listar()
 4 SYSTEMPATH\CodeIgniter.php(509): CodeIgniter\CodeIgniter->runController(Object(App\Controllers\UsuarioController))
 5 SYSTEMPATH\CodeIgniter.php(355): CodeIgniter\CodeIgniter->handleRequest(null, Object(Config\Cache), false)
 6 SYSTEMPATH\Boot.php(325): CodeIgniter\CodeIgniter->run()
 7 SYSTEMPATH\Boot.php(67): CodeIgniter\Boot::runCodeIgniter(Object(CodeIgniter\CodeIgniter))
 8 FCPATH\index.php(56): CodeIgniter\Boot::bootWeb(Object(Config\Paths))
CRITICAL - 2024-07-21 17:36:38 --> ErrorException: Undefined array key "id_usuario"
[Method: GET, Route: usuarios]
in APPPATH\Views\back\usuarios\editar_usuario.php on line 6.
 1 APPPATH\Views\back\usuarios\editar_usuario.php(6): CodeIgniter\Debug\Exceptions->errorHandler(2, 'Undefined array key "id_usuario"', 'C:\\xampp\\htdocs\\ProT3_39864458\\app\\Views\\back\\usuarios\\editar_usuario.php', 6)
 2 SYSTEMPATH\View\View.php(234): include('C:\\xampp\\htdocs\\ProT3_39864458\\app\\Views\\back\\usuarios\\editar_usuario.php')
 3 SYSTEMPATH\View\View.php(237): CodeIgniter\View\View->CodeIgniter\View\{closure}()
 4 SYSTEMPATH\Common.php(1171): CodeIgniter\View\View->render('back/usuarios/editar_usuario', [], true)
 5 APPPATH\Controllers\UsuarioController.php(68): view('back/usuarios/editar_usuario', [...])
 6 SYSTEMPATH\CodeIgniter.php(933): App\Controllers\UsuarioController->listar()
 7 SYSTEMPATH\CodeIgniter.php(509): CodeIgniter\CodeIgniter->runController(Object(App\Controllers\UsuarioController))
 8 SYSTEMPATH\CodeIgniter.php(355): CodeIgniter\CodeIgniter->handleRequest(null, Object(Config\Cache), false)
 9 SYSTEMPATH\Boot.php(325): CodeIgniter\CodeIgniter->run()
10 SYSTEMPATH\Boot.php(67): CodeIgniter\Boot::runCodeIgniter(Object(CodeIgniter\CodeIgniter))
11 FCPATH\index.php(56): CodeIgniter\Boot::bootWeb(Object(Config\Paths))
CRITICAL - 2024-07-21 17:37:30 --> Error: Array callback must have exactly two elements
[Method: GET, Route: usuarios]
in APPPATH\Views\back\usuarios\editar_usuario.php on line 6.
 1 SYSTEMPATH\View\View.php(234): include()
 2 SYSTEMPATH\View\View.php(237): CodeIgniter\View\View->CodeIgniter\View\{closure}()
 3 SYSTEMPATH\Common.php(1171): CodeIgniter\View\View->render('back/usuarios/editar_usuario', [], true)
 4 APPPATH\Controllers\UsuarioController.php(68): view('back/usuarios/editar_usuario', [...])
 5 SYSTEMPATH\CodeIgniter.php(933): App\Controllers\UsuarioController->listar()
 6 SYSTEMPATH\CodeIgniter.php(509): CodeIgniter\CodeIgniter->runController(Object(App\Controllers\UsuarioController))
 7 SYSTEMPATH\CodeIgniter.php(355): CodeIgniter\CodeIgniter->handleRequest(null, Object(Config\Cache), false)
 8 SYSTEMPATH\Boot.php(325): CodeIgniter\CodeIgniter->run()
 9 SYSTEMPATH\Boot.php(67): CodeIgniter\Boot::runCodeIgniter(Object(CodeIgniter\CodeIgniter))
10 FCPATH\index.php(56): CodeIgniter\Boot::bootWeb(Object(Config\Paths))
CRITICAL - 2024-07-21 17:37:31 --> Error: Array callback must have exactly two elements
[Method: GET, Route: usuarios]
in APPPATH\Views\back\usuarios\editar_usuario.php on line 6.
 1 SYSTEMPATH\View\View.php(234): include()
 2 SYSTEMPATH\View\View.php(237): CodeIgniter\View\View->CodeIgniter\View\{closure}()
 3 SYSTEMPATH\Common.php(1171): CodeIgniter\View\View->render('back/usuarios/editar_usuario', [], true)
 4 APPPATH\Controllers\UsuarioController.php(68): view('back/usuarios/editar_usuario', [...])
 5 SYSTEMPATH\CodeIgniter.php(933): App\Controllers\UsuarioController->listar()
 6 SYSTEMPATH\CodeIgniter.php(509): CodeIgniter\CodeIgniter->runController(Object(App\Controllers\UsuarioController))
 7 SYSTEMPATH\CodeIgniter.php(355): CodeIgniter\CodeIgniter->handleRequest(null, Object(Config\Cache), false)
 8 SYSTEMPATH\Boot.php(325): CodeIgniter\CodeIgniter->run()
 9 SYSTEMPATH\Boot.php(67): CodeIgniter\Boot::runCodeIgniter(Object(CodeIgniter\CodeIgniter))
10 FCPATH\index.php(56): CodeIgniter\Boot::bootWeb(Object(Config\Paths))
CRITICAL - 2024-07-21 17:37:32 --> Error: Array callback must have exactly two elements
[Method: GET, Route: usuarios]
in APPPATH\Views\back\usuarios\editar_usuario.php on line 6.
 1 SYSTEMPATH\View\View.php(234): include()
 2 SYSTEMPATH\View\View.php(237): CodeIgniter\View\View->CodeIgniter\View\{closure}()
 3 SYSTEMPATH\Common.php(1171): CodeIgniter\View\View->render('back/usuarios/editar_usuario', [], true)
 4 APPPATH\Controllers\UsuarioController.php(68): view('back/usuarios/editar_usuario', [...])
 5 SYSTEMPATH\CodeIgniter.php(933): App\Controllers\UsuarioController->listar()
 6 SYSTEMPATH\CodeIgniter.php(509): CodeIgniter\CodeIgniter->runController(Object(App\Controllers\UsuarioController))
 7 SYSTEMPATH\CodeIgniter.php(355): CodeIgniter\CodeIgniter->handleRequest(null, Object(Config\Cache), false)
 8 SYSTEMPATH\Boot.php(325): CodeIgniter\CodeIgniter->run()
 9 SYSTEMPATH\Boot.php(67): CodeIgniter\Boot::runCodeIgniter(Object(CodeIgniter\CodeIgniter))
10 FCPATH\index.php(56): CodeIgniter\Boot::bootWeb(Object(Config\Paths))
CRITICAL - 2024-07-21 17:42:18 --> ErrorException: Undefined array key "id_usuario"
[Method: GET, Route: usuarios]
in APPPATH\Views\back\usuarios\editar_usuario.php on line 6.
 1 APPPATH\Views\back\usuarios\editar_usuario.php(6): CodeIgniter\Debug\Exceptions->errorHandler(2, 'Undefined array key "id_usuario"', 'C:\\xampp\\htdocs\\ProT3_39864458\\app\\Views\\back\\usuarios\\editar_usuario.php', 6)
 2 SYSTEMPATH\View\View.php(234): include('C:\\xampp\\htdocs\\ProT3_39864458\\app\\Views\\back\\usuarios\\editar_usuario.php')
 3 SYSTEMPATH\View\View.php(237): CodeIgniter\View\View->CodeIgniter\View\{closure}()
 4 SYSTEMPATH\Common.php(1171): CodeIgniter\View\View->render('back/usuarios/editar_usuario', [], true)
 5 APPPATH\Controllers\UsuarioController.php(68): view('back/usuarios/editar_usuario', [...])
 6 SYSTEMPATH\CodeIgniter.php(933): App\Controllers\UsuarioController->listar()
 7 SYSTEMPATH\CodeIgniter.php(509): CodeIgniter\CodeIgniter->runController(Object(App\Controllers\UsuarioController))
 8 SYSTEMPATH\CodeIgniter.php(355): CodeIgniter\CodeIgniter->handleRequest(null, Object(Config\Cache), false)
 9 SYSTEMPATH\Boot.php(325): CodeIgniter\CodeIgniter->run()
10 SYSTEMPATH\Boot.php(67): CodeIgniter\Boot::runCodeIgniter(Object(CodeIgniter\CodeIgniter))
11 FCPATH\index.php(56): CodeIgniter\Boot::bootWeb(Object(Config\Paths))
CRITICAL - 2024-07-21 17:44:52 --> ErrorException: Undefined variable $usuarios
[Method: GET, Route: usuarios]
in APPPATH\Views\back\usuarios\lista_usuarios.php on line 20.
 1 APPPATH\Views\back\usuarios\lista_usuarios.php(20): CodeIgniter\Debug\Exceptions->errorHandler(2, 'Undefined variable $usuarios', 'C:\\xampp\\htdocs\\ProT3_39864458\\app\\Views\\back\\usuarios\\lista_usuarios.php', 20)
 2 SYSTEMPATH\View\View.php(234): include('C:\\xampp\\htdocs\\ProT3_39864458\\app\\Views\\back\\usuarios\\lista_usuarios.php')
 3 SYSTEMPATH\View\View.php(237): CodeIgniter\View\View->CodeIgniter\View\{closure}()
 4 SYSTEMPATH\Common.php(1171): CodeIgniter\View\View->render('back/usuarios/lista_usuarios', [], true)
 5 APPPATH\Controllers\UsuarioController.php(68): view('back/usuarios/lista_usuarios', [...])
 6 SYSTEMPATH\CodeIgniter.php(933): App\Controllers\UsuarioController->listar()
 7 SYSTEMPATH\CodeIgniter.php(509): CodeIgniter\CodeIgniter->runController(Object(App\Controllers\UsuarioController))
 8 SYSTEMPATH\CodeIgniter.php(355): CodeIgniter\CodeIgniter->handleRequest(null, Object(Config\Cache), false)
 9 SYSTEMPATH\Boot.php(325): CodeIgniter\CodeIgniter->run()
10 SYSTEMPATH\Boot.php(67): CodeIgniter\Boot::runCodeIgniter(Object(CodeIgniter\CodeIgniter))
11 FCPATH\index.php(56): CodeIgniter\Boot::bootWeb(Object(Config\Paths))
CRITICAL - 2024-07-21 17:44:53 --> ErrorException: Undefined variable $usuarios
[Method: GET, Route: usuarios]
in APPPATH\Views\back\usuarios\lista_usuarios.php on line 20.
 1 APPPATH\Views\back\usuarios\lista_usuarios.php(20): CodeIgniter\Debug\Exceptions->errorHandler(2, 'Undefined variable $usuarios', 'C:\\xampp\\htdocs\\ProT3_39864458\\app\\Views\\back\\usuarios\\lista_usuarios.php', 20)
 2 SYSTEMPATH\View\View.php(234): include('C:\\xampp\\htdocs\\ProT3_39864458\\app\\Views\\back\\usuarios\\lista_usuarios.php')
 3 SYSTEMPATH\View\View.php(237): CodeIgniter\View\View->CodeIgniter\View\{closure}()
 4 SYSTEMPATH\Common.php(1171): CodeIgniter\View\View->render('back/usuarios/lista_usuarios', [], true)
 5 APPPATH\Controllers\UsuarioController.php(68): view('back/usuarios/lista_usuarios', [...])
 6 SYSTEMPATH\CodeIgniter.php(933): App\Controllers\UsuarioController->listar()
 7 SYSTEMPATH\CodeIgniter.php(509): CodeIgniter\CodeIgniter->runController(Object(App\Controllers\UsuarioController))
 8 SYSTEMPATH\CodeIgniter.php(355): CodeIgniter\CodeIgniter->handleRequest(null, Object(Config\Cache), false)
 9 SYSTEMPATH\Boot.php(325): CodeIgniter\CodeIgniter->run()
10 SYSTEMPATH\Boot.php(67): CodeIgniter\Boot::runCodeIgniter(Object(CodeIgniter\CodeIgniter))
11 FCPATH\index.php(56): CodeIgniter\Boot::bootWeb(Object(Config\Paths))
CRITICAL - 2024-07-21 17:44:53 --> ErrorException: Undefined variable $usuarios
[Method: GET, Route: usuarios]
in APPPATH\Views\back\usuarios\lista_usuarios.php on line 20.
 1 APPPATH\Views\back\usuarios\lista_usuarios.php(20): CodeIgniter\Debug\Exceptions->errorHandler(2, 'Undefined variable $usuarios', 'C:\\xampp\\htdocs\\ProT3_39864458\\app\\Views\\back\\usuarios\\lista_usuarios.php', 20)
 2 SYSTEMPATH\View\View.php(234): include('C:\\xampp\\htdocs\\ProT3_39864458\\app\\Views\\back\\usuarios\\lista_usuarios.php')
 3 SYSTEMPATH\View\View.php(237): CodeIgniter\View\View->CodeIgniter\View\{closure}()
 4 SYSTEMPATH\Common.php(1171): CodeIgniter\View\View->render('back/usuarios/lista_usuarios', [], true)
 5 APPPATH\Controllers\UsuarioController.php(68): view('back/usuarios/lista_usuarios', [...])
 6 SYSTEMPATH\CodeIgniter.php(933): App\Controllers\UsuarioController->listar()
 7 SYSTEMPATH\CodeIgniter.php(509): CodeIgniter\CodeIgniter->runController(Object(App\Controllers\UsuarioController))
 8 SYSTEMPATH\CodeIgniter.php(355): CodeIgniter\CodeIgniter->handleRequest(null, Object(Config\Cache), false)
 9 SYSTEMPATH\Boot.php(325): CodeIgniter\CodeIgniter->run()
10 SYSTEMPATH\Boot.php(67): CodeIgniter\Boot::runCodeIgniter(Object(CodeIgniter\CodeIgniter))
11 FCPATH\index.php(56): CodeIgniter\Boot::bootWeb(Object(Config\Paths))
CRITICAL - 2024-07-21 17:44:53 --> ErrorException: Undefined variable $usuarios
[Method: GET, Route: usuarios]
in APPPATH\Views\back\usuarios\lista_usuarios.php on line 20.
 1 APPPATH\Views\back\usuarios\lista_usuarios.php(20): CodeIgniter\Debug\Exceptions->errorHandler(2, 'Undefined variable $usuarios', 'C:\\xampp\\htdocs\\ProT3_39864458\\app\\Views\\back\\usuarios\\lista_usuarios.php', 20)
 2 SYSTEMPATH\View\View.php(234): include('C:\\xampp\\htdocs\\ProT3_39864458\\app\\Views\\back\\usuarios\\lista_usuarios.php')
 3 SYSTEMPATH\View\View.php(237): CodeIgniter\View\View->CodeIgniter\View\{closure}()
 4 SYSTEMPATH\Common.php(1171): CodeIgniter\View\View->render('back/usuarios/lista_usuarios', [], true)
 5 APPPATH\Controllers\UsuarioController.php(68): view('back/usuarios/lista_usuarios', [...])
 6 SYSTEMPATH\CodeIgniter.php(933): App\Controllers\UsuarioController->listar()
 7 SYSTEMPATH\CodeIgniter.php(509): CodeIgniter\CodeIgniter->runController(Object(App\Controllers\UsuarioController))
 8 SYSTEMPATH\CodeIgniter.php(355): CodeIgniter\CodeIgniter->handleRequest(null, Object(Config\Cache), false)
 9 SYSTEMPATH\Boot.php(325): CodeIgniter\CodeIgniter->run()
10 SYSTEMPATH\Boot.php(67): CodeIgniter\Boot::runCodeIgniter(Object(CodeIgniter\CodeIgniter))
11 FCPATH\index.php(56): CodeIgniter\Boot::bootWeb(Object(Config\Paths))
CRITICAL - 2024-07-21 17:44:54 --> ErrorException: Undefined variable $usuarios
[Method: GET, Route: usuarios]
in APPPATH\Views\back\usuarios\lista_usuarios.php on line 20.
 1 APPPATH\Views\back\usuarios\lista_usuarios.php(20): CodeIgniter\Debug\Exceptions->errorHandler(2, 'Undefined variable $usuarios', 'C:\\xampp\\htdocs\\ProT3_39864458\\app\\Views\\back\\usuarios\\lista_usuarios.php', 20)
 2 SYSTEMPATH\View\View.php(234): include('C:\\xampp\\htdocs\\ProT3_39864458\\app\\Views\\back\\usuarios\\lista_usuarios.php')
 3 SYSTEMPATH\View\View.php(237): CodeIgniter\View\View->CodeIgniter\View\{closure}()
 4 SYSTEMPATH\Common.php(1171): CodeIgniter\View\View->render('back/usuarios/lista_usuarios', [], true)
 5 APPPATH\Controllers\UsuarioController.php(68): view('back/usuarios/lista_usuarios', [...])
 6 SYSTEMPATH\CodeIgniter.php(933): App\Controllers\UsuarioController->listar()
 7 SYSTEMPATH\CodeIgniter.php(509): CodeIgniter\CodeIgniter->runController(Object(App\Controllers\UsuarioController))
 8 SYSTEMPATH\CodeIgniter.php(355): CodeIgniter\CodeIgniter->handleRequest(null, Object(Config\Cache), false)
 9 SYSTEMPATH\Boot.php(325): CodeIgniter\CodeIgniter->run()
10 SYSTEMPATH\Boot.php(67): CodeIgniter\Boot::runCodeIgniter(Object(CodeIgniter\CodeIgniter))
11 FCPATH\index.php(56): CodeIgniter\Boot::bootWeb(Object(Config\Paths))
CRITICAL - 2024-07-21 17:44:54 --> ErrorException: Undefined variable $usuarios
[Method: GET, Route: usuarios]
in APPPATH\Views\back\usuarios\lista_usuarios.php on line 20.
 1 APPPATH\Views\back\usuarios\lista_usuarios.php(20): CodeIgniter\Debug\Exceptions->errorHandler(2, 'Undefined variable $usuarios', 'C:\\xampp\\htdocs\\ProT3_39864458\\app\\Views\\back\\usuarios\\lista_usuarios.php', 20)
 2 SYSTEMPATH\View\View.php(234): include('C:\\xampp\\htdocs\\ProT3_39864458\\app\\Views\\back\\usuarios\\lista_usuarios.php')
 3 SYSTEMPATH\View\View.php(237): CodeIgniter\View\View->CodeIgniter\View\{closure}()
 4 SYSTEMPATH\Common.php(1171): CodeIgniter\View\View->render('back/usuarios/lista_usuarios', [], true)
 5 APPPATH\Controllers\UsuarioController.php(68): view('back/usuarios/lista_usuarios', [...])
 6 SYSTEMPATH\CodeIgniter.php(933): App\Controllers\UsuarioController->listar()
 7 SYSTEMPATH\CodeIgniter.php(509): CodeIgniter\CodeIgniter->runController(Object(App\Controllers\UsuarioController))
 8 SYSTEMPATH\CodeIgniter.php(355): CodeIgniter\CodeIgniter->handleRequest(null, Object(Config\Cache), false)
 9 SYSTEMPATH\Boot.php(325): CodeIgniter\CodeIgniter->run()
10 SYSTEMPATH\Boot.php(67): CodeIgniter\Boot::runCodeIgniter(Object(CodeIgniter\CodeIgniter))
11 FCPATH\index.php(56): CodeIgniter\Boot::bootWeb(Object(Config\Paths))
CRITICAL - 2024-07-21 17:44:54 --> ErrorException: Undefined variable $usuarios
[Method: GET, Route: usuarios]
in APPPATH\Views\back\usuarios\lista_usuarios.php on line 20.
 1 APPPATH\Views\back\usuarios\lista_usuarios.php(20): CodeIgniter\Debug\Exceptions->errorHandler(2, 'Undefined variable $usuarios', 'C:\\xampp\\htdocs\\ProT3_39864458\\app\\Views\\back\\usuarios\\lista_usuarios.php', 20)
 2 SYSTEMPATH\View\View.php(234): include('C:\\xampp\\htdocs\\ProT3_39864458\\app\\Views\\back\\usuarios\\lista_usuarios.php')
 3 SYSTEMPATH\View\View.php(237): CodeIgniter\View\View->CodeIgniter\View\{closure}()
 4 SYSTEMPATH\Common.php(1171): CodeIgniter\View\View->render('back/usuarios/lista_usuarios', [], true)
 5 APPPATH\Controllers\UsuarioController.php(68): view('back/usuarios/lista_usuarios', [...])
 6 SYSTEMPATH\CodeIgniter.php(933): App\Controllers\UsuarioController->listar()
 7 SYSTEMPATH\CodeIgniter.php(509): CodeIgniter\CodeIgniter->runController(Object(App\Controllers\UsuarioController))
 8 SYSTEMPATH\CodeIgniter.php(355): CodeIgniter\CodeIgniter->handleRequest(null, Object(Config\Cache), false)
 9 SYSTEMPATH\Boot.php(325): CodeIgniter\CodeIgniter->run()
10 SYSTEMPATH\Boot.php(67): CodeIgniter\Boot::runCodeIgniter(Object(CodeIgniter\CodeIgniter))
11 FCPATH\index.php(56): CodeIgniter\Boot::bootWeb(Object(Config\Paths))
CRITICAL - 2024-07-21 17:44:54 --> ErrorException: Undefined variable $usuarios
[Method: GET, Route: usuarios]
in APPPATH\Views\back\usuarios\lista_usuarios.php on line 20.
 1 APPPATH\Views\back\usuarios\lista_usuarios.php(20): CodeIgniter\Debug\Exceptions->errorHandler(2, 'Undefined variable $usuarios', 'C:\\xampp\\htdocs\\ProT3_39864458\\app\\Views\\back\\usuarios\\lista_usuarios.php', 20)
 2 SYSTEMPATH\View\View.php(234): include('C:\\xampp\\htdocs\\ProT3_39864458\\app\\Views\\back\\usuarios\\lista_usuarios.php')
 3 SYSTEMPATH\View\View.php(237): CodeIgniter\View\View->CodeIgniter\View\{closure}()
 4 SYSTEMPATH\Common.php(1171): CodeIgniter\View\View->render('back/usuarios/lista_usuarios', [], true)
 5 APPPATH\Controllers\UsuarioController.php(68): view('back/usuarios/lista_usuarios', [...])
 6 SYSTEMPATH\CodeIgniter.php(933): App\Controllers\UsuarioController->listar()
 7 SYSTEMPATH\CodeIgniter.php(509): CodeIgniter\CodeIgniter->runController(Object(App\Controllers\UsuarioController))
 8 SYSTEMPATH\CodeIgniter.php(355): CodeIgniter\CodeIgniter->handleRequest(null, Object(Config\Cache), false)
 9 SYSTEMPATH\Boot.php(325): CodeIgniter\CodeIgniter->run()
10 SYSTEMPATH\Boot.php(67): CodeIgniter\Boot::runCodeIgniter(Object(CodeIgniter\CodeIgniter))
11 FCPATH\index.php(56): CodeIgniter\Boot::bootWeb(Object(Config\Paths))
CRITICAL - 2024-07-21 17:44:54 --> ErrorException: Undefined variable $usuarios
[Method: GET, Route: usuarios]
in APPPATH\Views\back\usuarios\lista_usuarios.php on line 20.
 1 APPPATH\Views\back\usuarios\lista_usuarios.php(20): CodeIgniter\Debug\Exceptions->errorHandler(2, 'Undefined variable $usuarios', 'C:\\xampp\\htdocs\\ProT3_39864458\\app\\Views\\back\\usuarios\\lista_usuarios.php', 20)
 2 SYSTEMPATH\View\View.php(234): include('C:\\xampp\\htdocs\\ProT3_39864458\\app\\Views\\back\\usuarios\\lista_usuarios.php')
 3 SYSTEMPATH\View\View.php(237): CodeIgniter\View\View->CodeIgniter\View\{closure}()
 4 SYSTEMPATH\Common.php(1171): CodeIgniter\View\View->render('back/usuarios/lista_usuarios', [], true)
 5 APPPATH\Controllers\UsuarioController.php(68): view('back/usuarios/lista_usuarios', [...])
 6 SYSTEMPATH\CodeIgniter.php(933): App\Controllers\UsuarioController->listar()
 7 SYSTEMPATH\CodeIgniter.php(509): CodeIgniter\CodeIgniter->runController(Object(App\Controllers\UsuarioController))
 8 SYSTEMPATH\CodeIgniter.php(355): CodeIgniter\CodeIgniter->handleRequest(null, Object(Config\Cache), false)
 9 SYSTEMPATH\Boot.php(325): CodeIgniter\CodeIgniter->run()
10 SYSTEMPATH\Boot.php(67): CodeIgniter\Boot::runCodeIgniter(Object(CodeIgniter\CodeIgniter))
11 FCPATH\index.php(56): CodeIgniter\Boot::bootWeb(Object(Config\Paths))
CRITICAL - 2024-07-21 17:44:54 --> ErrorException: Undefined variable $usuarios
[Method: GET, Route: usuarios]
in APPPATH\Views\back\usuarios\lista_usuarios.php on line 20.
 1 APPPATH\Views\back\usuarios\lista_usuarios.php(20): CodeIgniter\Debug\Exceptions->errorHandler(2, 'Undefined variable $usuarios', 'C:\\xampp\\htdocs\\ProT3_39864458\\app\\Views\\back\\usuarios\\lista_usuarios.php', 20)
 2 SYSTEMPATH\View\View.php(234): include('C:\\xampp\\htdocs\\ProT3_39864458\\app\\Views\\back\\usuarios\\lista_usuarios.php')
 3 SYSTEMPATH\View\View.php(237): CodeIgniter\View\View->CodeIgniter\View\{closure}()
 4 SYSTEMPATH\Common.php(1171): CodeIgniter\View\View->render('back/usuarios/lista_usuarios', [], true)
 5 APPPATH\Controllers\UsuarioController.php(68): view('back/usuarios/lista_usuarios', [...])
 6 SYSTEMPATH\CodeIgniter.php(933): App\Controllers\UsuarioController->listar()
 7 SYSTEMPATH\CodeIgniter.php(509): CodeIgniter\CodeIgniter->runController(Object(App\Controllers\UsuarioController))
 8 SYSTEMPATH\CodeIgniter.php(355): CodeIgniter\CodeIgniter->handleRequest(null, Object(Config\Cache), false)
 9 SYSTEMPATH\Boot.php(325): CodeIgniter\CodeIgniter->run()
10 SYSTEMPATH\Boot.php(67): CodeIgniter\Boot::runCodeIgniter(Object(CodeIgniter\CodeIgniter))
11 FCPATH\index.php(56): CodeIgniter\Boot::bootWeb(Object(Config\Paths))
CRITICAL - 2024-07-21 21:39:02 --> ValueError: strpos(): Argument #3 ($offset) must be contained in argument #1 ($haystack)
[Method: GET, Route: usuarios/edit/6]
in SYSTEMPATH\Validation\Validation.php on line 969.
 1 SYSTEMPATH\Validation\Validation.php(969): strpos('required|min_length[4]|max_length[100]|valid_email|is_unique[usuarios.email, id_usuario, 6)', '|', 92)
 2 SYSTEMPATH\Validation\Validation.php(608): CodeIgniter\Validation\Validation->splitRules([...])
 3 SYSTEMPATH\Controller.php(181): CodeIgniter\Validation\Validation->setRules([...], [])
 4 SYSTEMPATH\Controller.php(135): CodeIgniter\Controller->setValidator([...], [])
 5 APPPATH\Controllers\UsuarioController.php(94): CodeIgniter\Controller->validate([...])
 6 SYSTEMPATH\CodeIgniter.php(933): App\Controllers\UsuarioController->edit('6')
 7 SYSTEMPATH\CodeIgniter.php(509): CodeIgniter\CodeIgniter->runController(Object(App\Controllers\UsuarioController))
 8 SYSTEMPATH\CodeIgniter.php(355): CodeIgniter\CodeIgniter->handleRequest(null, Object(Config\Cache), false)
 9 SYSTEMPATH\Boot.php(325): CodeIgniter\CodeIgniter->run()
10 SYSTEMPATH\Boot.php(67): CodeIgniter\Boot::runCodeIgniter(Object(CodeIgniter\CodeIgniter))
11 FCPATH\index.php(56): CodeIgniter\Boot::bootWeb(Object(Config\Paths))
CRITICAL - 2024-07-21 21:39:16 --> ValueError: strpos(): Argument #3 ($offset) must be contained in argument #1 ($haystack)
[Method: GET, Route: usuarios/edit/1]
in SYSTEMPATH\Validation\Validation.php on line 969.
 1 SYSTEMPATH\Validation\Validation.php(969): strpos('required|min_length[4]|max_length[100]|valid_email|is_unique[usuarios.email, id_usuario, 1)', '|', 92)
 2 SYSTEMPATH\Validation\Validation.php(608): CodeIgniter\Validation\Validation->splitRules([...])
 3 SYSTEMPATH\Controller.php(181): CodeIgniter\Validation\Validation->setRules([...], [])
 4 SYSTEMPATH\Controller.php(135): CodeIgniter\Controller->setValidator([...], [])
 5 APPPATH\Controllers\UsuarioController.php(94): CodeIgniter\Controller->validate([...])
 6 SYSTEMPATH\CodeIgniter.php(933): App\Controllers\UsuarioController->edit('1')
 7 SYSTEMPATH\CodeIgniter.php(509): CodeIgniter\CodeIgniter->runController(Object(App\Controllers\UsuarioController))
 8 SYSTEMPATH\CodeIgniter.php(355): CodeIgniter\CodeIgniter->handleRequest(null, Object(Config\Cache), false)
 9 SYSTEMPATH\Boot.php(325): CodeIgniter\CodeIgniter->run()
10 SYSTEMPATH\Boot.php(67): CodeIgniter\Boot::runCodeIgniter(Object(CodeIgniter\CodeIgniter))
11 FCPATH\index.php(56): CodeIgniter\Boot::bootWeb(Object(Config\Paths))
CRITICAL - 2024-07-21 21:39:22 --> ValueError: strpos(): Argument #3 ($offset) must be contained in argument #1 ($haystack)
[Method: GET, Route: usuarios/edit/1]
in SYSTEMPATH\Validation\Validation.php on line 969.
 1 SYSTEMPATH\Validation\Validation.php(969): strpos('required|min_length[4]|max_length[100]|valid_email|is_unique[usuarios.email, id_usuario, 1)', '|', 92)
 2 SYSTEMPATH\Validation\Validation.php(608): CodeIgniter\Validation\Validation->splitRules([...])
 3 SYSTEMPATH\Controller.php(181): CodeIgniter\Validation\Validation->setRules([...], [])
 4 SYSTEMPATH\Controller.php(135): CodeIgniter\Controller->setValidator([...], [])
 5 APPPATH\Controllers\UsuarioController.php(94): CodeIgniter\Controller->validate([...])
 6 SYSTEMPATH\CodeIgniter.php(933): App\Controllers\UsuarioController->edit('1')
 7 SYSTEMPATH\CodeIgniter.php(509): CodeIgniter\CodeIgniter->runController(Object(App\Controllers\UsuarioController))
 8 SYSTEMPATH\CodeIgniter.php(355): CodeIgniter\CodeIgniter->handleRequest(null, Object(Config\Cache), false)
 9 SYSTEMPATH\Boot.php(325): CodeIgniter\CodeIgniter->run()
10 SYSTEMPATH\Boot.php(67): CodeIgniter\Boot::runCodeIgniter(Object(CodeIgniter\CodeIgniter))
11 FCPATH\index.php(56): CodeIgniter\Boot::bootWeb(Object(Config\Paths))
